Thu Nov 10 17:10:23 GMT 2022
/mnt/lfs4/BMC/wrfruc/murdzek/nature_run_3km/WRF/run/wrfout_d01_2021-07-24_23_00_00
/mnt/lfs4/BMC/wrfruc/murdzek/nature_run_3km/WRF/run/wrfout_d01_2021-07-24_23_15_00
/mnt/lfs4/BMC/wrfruc/murdzek/nature_run_3km/WRF/run/wrfout_d01_2021-07-24_23_30_00
/mnt/lfs4/BMC/wrfruc/murdzek/nature_run_3km/WRF/run/wrfout_d01_2021-07-24_23_45_00
/mnt/lfs4/BMC/wrfruc/murdzek/nature_run_3km/WRF/run/wrfout_d01_2021-07-25_00_00_00
Peak memory usage summary:
  min =    4684752  KB
  ave =    4684752  KB
  max =    4684752  KB

All nodes sorted by peak memory as percentage of limit: (in KB)
          % of      user        user          user         total       total
Node      limit     max         limit        current      current      phys
x334      37.2     4684752     12582912      1507968     28200756    264038500 
Thu Nov 10 17:12:29 GMT 2022
_______________________________________________________________
Start Epilog v19.04.17 on node x334 for job 15876304 :: Thu Nov 10 17:12:30 GMT 2022
Job 15876304 (serial) finished for user Shawn.S.Murdzek in partition bigmem with exit code 0:0
_______________________________________________________________
End Epilogue v19.04.17 Thu Nov 10 17:12:30 GMT 2022
